<?xml version="1.0" encoding="UTF-8"?>
<!-- Generated by org.testng.reporters.JUnitReportReporter -->
<testsuite hostname="DESKTOP-C84JI4A" failures="0" tests="1" name="Testcases.StandAloneTest" time="3.899" errors="0" timestamp="2024-05-31T13:00:14 BDT" skipped="0">
  <testcase classname="Testcases.StandAloneTest" name="bsAutomationTest" time="3.899"/>
</testsuite> <!-- Testcases.StandAloneTest -->
